WARNING:root:successfully fetched data:1,admin,admin,Монастырский,Максим,Олегович,2003-01-29,m_monastyrskiy@mail.ru,89031329078
WARNING:root:successfully fetched data:1,admin,admin,Монастырский,Максим,Олегович,2003-01-29,m_monastyrskiy@mail.ru,89031329078
WARNING:root:successfully fetched data:1,admin,admin,Монастырский,Максим,Олегович,2003-01-29,m_monastyrskiy@mail.ru,89031329078
WARNING:root:successfully fetched data:1,admin,admin,Монастырский,Максим,Олегович,2003-01-29,m_monastyrskiy@mail.ru,89031329078
WARNING:root:successfully fetched data:1,admin,admin,Монастырский,Максим,Олегович,2003-01-29,m_monastyrskiy@mail.ru,89031329078
WARNING:root:successfully fetched data:1,admin,admin,Монастырский,Максим,Олегович,2003-01-29,m_monastyrskiy@mail.ru,89031329078
WARNING:root:successfully fetched data:1,admin,admin,Монастырский,Максим,Олегович,2003-01-29,m_monastyrskiy@mail.ru,89031329078
WARNING:root:successfully fetched data:1,admin,admin,Монастырский,Максим,Олегович,2003-01-29,m_monastyrskiy@mail.ru,89031329078
WARNING:root:successfully fetched data:1,admin,admin,Монастырский,Максим,Олегович,2003-01-29,m_monastyrskiy@mail.ru,89031329078
WARNING:root:User:admin successfully logged in 
WARNING:root:successfully fetched data:1,admin,admin,Монастырский,Максим,Олегович,2003-01-29,m_monastyrskiy@mail.ru,89031329078
WARNING:root:User:admin successfully logged in 
WARNING:root:successfully fetched data:1,admin,admin,Монастырский,Максим,Олегович,2003-01-29,m_monastyrskiy@mail.ru,89031329078
WARNING:root:successfully fetched data:1,admin,admin,Монастырский,Максим,Олегович,2003-01-29,m_monastyrskiy@mail.ru,89031329078
WARNING:root:User:admin successfully logged in 
WARNING:root:successfully fetched data:1,admin,admin,Монастырский,Максим,Олегович,2003-01-29,m_monastyrskiy@mail.ru,89031329078
WARNING:root:User:admin successfully logged in 
WARNING:root:successfully fetched data:1,admin,admin,Монастырский,Максим,Олегович,2003-01-29,m_monastyrskiy@mail.ru,89031329078
WARNING:root:successfully fetched data:1,admin,admin,Монастырский,Максим,Олегович,2003-01-29,m_monastyrskiy@mail.ru,89031329078
WARNING:root:User:admin successfully logged in 
WARNING:root:successfully fetched data:1,admin,admin,Монастырский,Максим,Олегович,2003-01-29,m_monastyrskiy@mail.ru,89031329078
WARNING:root:successfully fetched data:1,admin,admin,Монастырский,Максим,Олегович,2003-01-29,m_monastyrskiy@mail.ru,89031329078
WARNING:root:User:admin successfully logged in 
WARNING:root:successfully fetched data:1,admin,admin,Монастырский,Максим,Олегович,2003-01-29,m_monastyrskiy@mail.ru,89031329078
WARNING:root:successfully fetched data:1,admin,admin,Монастырский,Максим,Олегович,2003-01-29,m_monastyrskiy@mail.ru,89031329078
WARNING:root:User:admin successfully logged in 
WARNING:root:successfully fetched data:1,admin,admin,Монастырский,Максим,Олегович,2003-01-29,m_monastyrskiy@mail.ru,89031329078
WARNING:root:successfully fetched data:1,admin,admin,Монастырский,Максим,Олегович,2003-01-29,m_monastyrskiy@mail.ru,89031329078
WARNING:root:User:admin successfully logged in 
WARNING:root:successfully fetched data:1,admin,admin,Монастырский,Максим,Олегович,2003-01-29,m_monastyrskiy@mail.ru,89031329078
WARNING:root:User:admin successfully logged in 
WARNING:root:successfully fetched data:1,admin,admin,Монастырский,Максим,Олегович,2003-01-29,m_monastyrskiy@mail.ru,89031329078
WARNING:root:User:admin successfully logged in 
WARNING:root:successfully fetched data:1,admin,admin,Монастырский,Максим,Олегович,2003-01-29,m_monastyrskiy@mail.ru,89031329078
WARNING:root:successfully fetched data:1,admin,admin,Монастырский,Максим,Олегович,2003-01-29,m_monastyrskiy@mail.ru,89031329078
WARNING:root:User:admin successfully logged in 
WARNING:root:successfully fetched data:1,admin,admin,Монастырский,Максим,Олегович,2003-01-29,m_monastyrskiy@mail.ru,89031329078
WARNING:root:successfully fetched data:1,admin,admin,Монастырский,Максим,Олегович,2003-01-29,m_monastyrskiy@mail.ru,89031329078
WARNING:root:User:admin successfully logged in 
WARNING:root:successfully fetched data:1,admin,admin,Монастырский,Максим,Олегович,2003-01-29,m_monastyrskiy@mail.ru,89031329078
WARNING:root:successfully fetched data:1,admin,admin,Монастырский,Максим,Олегович,2003-01-29,m_monastyrskiy@mail.ru,89031329078
WARNING:root:User:admin successfully logged in 
WARNING:root:successfully fetched data:1,admin,admin,Монастырский,Максим,Олегович,2003-01-29,m_monastyrskiy@mail.ru,89031329078
WARNING:root:successfully fetched data:1,admin,admin,Монастырский,Максим,Олегович,2003-01-29,m_monastyrskiy@mail.ru,89031329078
WARNING:root:User:admin successfully logged in 
WARNING:root:successfully fetched data:1,admin,admin,Монастырский,Максим,Олегович,2003-01-29,m_monastyrskiy@mail.ru,89031329078
WARNING:root:successfully fetched data:1,admin,admin,Монастырский,Максим,Олегович,2003-01-29,m_monastyrskiy@mail.ru,89031329078
WARNING:root:successfully fetched data:1,admin,admin,Монастырский,Максим,Олегович,2003-01-29,m_monastyrskiy@mail.ru,89031329078
WARNING:root:User:admin successfully logged in 
WARNING:root:successfully fetched data:1,admin,admin,Монастырский,Максим,Олегович,2003-01-29,m_monastyrskiy@mail.ru,89031329078
WARNING:root:successfully fetched data:1,admin,admin,Монастырский,Максим,Олегович,2003-01-29,m_monastyrskiy@mail.ru,89031329078
WARNING:root:User:admin successfully logged in 
WARNING:root:successfully fetched data:1,admin,admin,Монастырский,Максим,Олегович,2003-01-29,m_monastyrskiy@mail.ru,89031329078
WARNING:root:successfully fetched data:1,admin,admin,Монастырский,Максим,Олегович,2003-01-29,m_monastyrskiy@mail.ru,89031329078
WARNING:root:User:admin successfully logged in 
WARNING:root:successfully fetched data:1,admin,admin,Монастырский,Максим,Олегович,2003-01-29,m_monastyrskiy@mail.ru,89031329078
WARNING:root:successfully fetched data:1,admin,admin,Монастырский,Максим,Олегович,2003-01-29,m_monastyrskiy@mail.ru,89031329078
WARNING:root:successfully fetched data:1,admin,admin,Монастырский,Максим,Олегович,2003-01-29,m_monastyrskiy@mail.ru,89031329078
WARNING:root:successfully fetched data:1,admin,admin,Монастырский,Максим,Олегович,2003-01-29,m_monastyrskiy@mail.ru,89031329078
WARNING:root:successfully fetched data:1,admin,admin,Монастырский,Максим,Олегович,2003-01-29,m_monastyrskiy@mail.ru,89031329078
WARNING:root:User:admin successfully logged in 
WARNING:root:successfully fetched data:1,admin,admin,Монастырский,Максим,Олегович,2003-01-29,m_monastyrskiy@mail.ru,89031329078
WARNING:root:successfully fetched data:1,admin,admin,Монастырский,Максим,Олегович,2003-01-29,m_monastyrskiy@mail.ru,89031329078
WARNING:root:User:admin successfully logged in 
WARNING:root:successfully fetched data:1,admin,admin,Монастырский,Максим,Олегович,2003-01-29,m_monastyrskiy@mail.ru,89031329078
WARNING:root:successfully fetched data:1,admin,admin,Монастырский,Максим,Олегович,2003-01-29,m_monastyrskiy@mail.ru,89031329078
WARNING:root:User:admin successfully logged in 
WARNING:root:successfully fetched data:1,admin,admin,Монастырский,Максим,Олегович,2003-01-29,m_monastyrskiy@mail.ru,89031329078
WARNING:root:successfully fetched data:1,admin,admin,Монастырский,Максим,Олегович,2003-01-29,m_monastyrskiy@mail.ru,89031329078
WARNING:root:User:admin successfully logged in 
WARNING:root:successfully fetched data:1,admin,admin,Монастырский,Максим,Олегович,2003-01-29,m_monastyrskiy@mail.ru,89031329078
WARNING:root:successfully fetched data:1,admin,admin,Монастырский,Максим,Олегович,2003-01-29,m_monastyrskiy@mail.ru,89031329078
WARNING:root:User:admin successfully logged in 
WARNING:root:successfully fetched data:1,admin,admin,Монастырский,Максим,Олегович,2003-01-29,m_monastyrskiy@mail.ru,89031329078
WARNING:root:successfully fetched data:1,admin,admin,Монастырский,Максим,Олегович,2003-01-29,m_monastyrskiy@mail.ru,89031329078
WARNING:root:User:admin successfully logged in 
WARNING:root:successfully fetched data:1,admin,admin,Монастырский,Максим,Олегович,2003-01-29,m_monastyrskiy@mail.ru,89031329078
WARNING:root:successfully fetched data:1,admin,admin,Монастырский,Максим,Олегович,2003-01-29,m_monastyrskiy@mail.ru,89031329078
WARNING:root:User:admin successfully logged in 
WARNING:root:successfully fetched data:1,admin,admin,Монастырский,Максим,Олегович,2003-01-29,m_monastyrskiy@mail.ru,89031329078
WARNING:root:successfully fetched data:1,admin,admin,Монастырский,Максим,Олегович,2003-01-29,m_monastyrskiy@mail.ru,89031329078
WARNING:root:successfully fetched data:1,admin,admin,Монастырский,Максим,Олегович,2003-01-29,m_monastyrskiy@mail.ru,89031329078
WARNING:root:successfully fetched data:1,admin,admin,Монастырский,Максим,Олегович,2003-01-29,m_monastyrskiy@mail.ru,89031329078
WARNING:root:User:admin successfully logged in 
WARNING:root:successfully fetched data:1,admin,admin,Монастырский,Максим,Олегович,2003-01-29,m_monastyrskiy@mail.ru,89031329078
WARNING:root:successfully fetched data:1,admin,admin,Монастырский,Максим,Олегович,2003-01-29,m_monastyrskiy@mail.ru,89031329078
WARNING:root:successfully fetched data:1,admin,admin,Монастырский,Максим,Олегович,2003-01-29,m_monastyrskiy@mail.ru,89031329078
WARNING:root:User:admin successfully logged in 
WARNING:root:successfully fetched data:1,admin,admin,Монастырский,Максим,Олегович,2003-01-29,m_monastyrskiy@mail.ru,89031329078
WARNING:root:successfully fetched data:1,admin,admin,Монастырский,Максим,Олегович,2003-01-29,m_monastyrskiy@mail.ru,89031329078
WARNING:root:User:admin successfully logged in 
WARNING:root:successfully fetched data:1,admin,admin,Монастырский,Максим,Олегович,2003-01-29,m_monastyrskiy@mail.ru,89031329078
WARNING:root:successfully fetched data:1,admin,admin,Монастырский,Максим,Олегович,2003-01-29,m_monastyrskiy@mail.ru,89031329078
WARNING:root:User:admin successfully logged in 
WARNING:root:successfully fetched data:1,admin,admin,Монастырский,Максим,Олегович,2003-01-29,m_monastyrskiy@mail.ru,89031329078
WARNING:root:successfully fetched data:1,admin,admin,Монастырский,Максим,Олегович,2003-01-29,m_monastyrskiy@mail.ru,89031329078
WARNING:root:User:admin successfully logged in 
WARNING:root:successfully fetched data:1,admin,admin,Монастырский,Максим,Олегович,2003-01-29,m_monastyrskiy@mail.ru,89031329078
WARNING:root:successfully fetched data:1,admin,admin,Монастырский,Максим,Олегович,2003-01-29,m_monastyrskiy@mail.ru,89031329078
WARNING:root:Someone entered uknown username:admin
WARNING:root:Someone entered uknown username:admin
WARNING:root:User:adminq successfully logged in 
WARNING:root:successfully fetched data:1,adminq,admin,Монастырский,Максим,Олегович,2003-01-30,m_monastyrskiy@mail.ru,89031329078
WARNING:root:successfully fetched data:1,adminq,admin,Монастырский,Максим,Олегович,2003-01-30,m_monastyrskiy@mail.ru,89031329078
WARNING:root:Someone entered uknown username:adminq
WARNING:root:User:admin successfully logged in 
WARNING:root:successfully fetched data:1,admin,admin,Монастырский,Максим,Олегович,2003-01-30,m_monastyrskiy@mail.ru,89031329078
WARNING:root:successfully fetched data:1,admin,admin,Монастырский,Максим,Олегович,2003-01-30,m_monastyrskiy@mail.ru,89031329078
WARNING:root:User:admin successfully logged in 
WARNING:root:successfully fetched data:1,admin,admin,Монастырский,Максим,Олегович,2003-01-30,m_monastyrskiy@mail.ru,89031329078
WARNING:root:successfully fetched data:1,admin,admin,Монастырский,Максим,Олегович,2003-01-30,m_monastyrskiy@mail.ru,89031329078
WARNING:root:User:admin successfully logged in 
WARNING:root:successfully fetched data:1,admin,admin,Монастырский,Максим,Олегович,2003-01-30,m_monastyrskiy@mail.ru,89031329078
WARNING:root:successfully fetched data:1,admin,admin,Монастырский,Максим,Олегович,2003-01-30,m_monastyrskiy@mail.ru,89031329078
WARNING:root:User:admin successfully logged in 
WARNING:root:successfully fetched data:1,admin,admin,Монастырский,Максим,Олегович,2003-01-30,m_monastyrskiy@mail.ru,89031329078
WARNING:root:successfully fetched data:1,admin,admin,Монастырский,Максим,Олегович,2003-01-30,m_monastyrskiy@mail.ru,89031329078
WARNING:root:User:admin successfully logged in 
WARNING:root:successfully fetched data:1,admin,admin,Монастырский,Максим,Олегович,2003-01-30,m_monastyrskiy@mail.ru,89031329078
WARNING:root:successfully fetched data:1,admin,admin,Монастырский,Максим,Олегович,2003-01-30,m_monastyrskiy@mail.ru,89031329078
WARNING:root:Some data changed on 1 from [1, 'admin', 'admin', 'Монастырский', 'Максим', 'Олегович', datetime.date(2003, 1, 30), 'm_monastyrskiy@mail.ru', 89031329078] to [1, 'admin', 'admin', 'Монастырский', 'Максим', 'Олегович', '2003-01-30', 'm_monastyrskiy@mail.ru', '89031329070']
